This is pdfTeX, Version 3.14159265-2.6-1.40.20 (TeX Live 2019/Debian) (preloaded format=pdflatex 2021.4.25)  12 JUN 2021 19:24
entering extended mode
 restricted \write18 enabled.
 %&-line parsing enabled.
**thesis.tex
(./thesis.tex
LaTeX2e <2020-02-02> patch level 2
L3 programming layer <2020-02-14>
(/usr/share/texlive/texmf-dist/tex/latex/koma-script/scrbook.cls
Document Class: scrbook 2020/01/24 v3.29 KOMA-Script document class (book)
(/usr/share/texlive/texmf-dist/tex/latex/koma-script/scrkbase.sty
Package: scrkbase 2020/01/24 v3.29 KOMA-Script package (KOMA-Script-dependent b
asics and keyval usage)

(/usr/share/texlive/texmf-dist/tex/latex/koma-script/scrbase.sty
Package: scrbase 2020/01/24 v3.29 KOMA-Script package (KOMA-Script-independent 
basics and keyval usage)

(/usr/share/texlive/texmf-dist/tex/latex/graphics/keyval.sty
Package: keyval 2014/10/28 v1.15 key=value parser (DPC)
\KV@toks@=\toks14
)
(/usr/share/texlive/texmf-dist/tex/latex/koma-script/scrlfile.sty
Package: scrlfile 2020/01/24 v3.29 KOMA-Script package (loading files)
)))
(/usr/share/texlive/texmf-dist/tex/latex/koma-script/tocbasic.sty
Package: tocbasic 2020/01/24 v3.29 KOMA-Script package (handling toc-files)
\scr@dte@tocline@numberwidth=\skip47
\scr@dte@tocline@numbox=\box45
)
Package tocbasic Info: omitting babel extension for `toc'
(tocbasic)             because of feature `nobabel' available
(tocbasic)             for `toc' on input line 137.
Package scrbook Info: You've used standard option `12pt'.
(scrbook)             This is correct!
(scrbook)             Internally I'm using `fontsize=12pt'.
(scrbook)             If you'd like to set the option with \KOMAoptions,
(scrbook)             you'd have to use `fontsize=12pt' there
(scrbook)             instead of `12pt', too.


Class scrbook Warning: You've used obsolete option `nochapterprefix'.
(scrbook)              Usage of this option indicates an old document
(scrbook)              and changes compatibility level using
(scrbook)              `chapterprefix=false,version=first,
(scrbook)              enabledeprecatedfontcommands' that may result
(scrbook)              in further warnings.
(scrbook)              If you don't want this, you should simply
(scrbook)              replace option `nochapterprefix' by `chapterprefix=false
'.

Class scrbook Info: Switching compatibility level to `first'.

Class scrbook Warning: deprecated option `enabledeprecatedfontcommands'.
(scrbook)              Note, that this option was already depreacted when
(scrbook)              it has been defined. Support for old font commands
(scrbook)              has been removed from KOMA-Script more than one
(scrbook)              decade ago. It is not recommended to use them any
(scrbook)              longer. Therefore usage of this class option also
(scrbook)              is not recommended.

Class scrbook Info: File `scrsize12pt.clo' used to setup font sizes on input li
ne 2424.
(/usr/share/texlive/texmf-dist/tex/latex/koma-script/scrsize12pt.clo
File: scrsize12pt.clo 2020/01/24 v3.29 KOMA-Script font size class option (12pt
)
)
(/usr/share/texlive/texmf-dist/tex/latex/koma-script/typearea.sty
Package: typearea 2020/01/24 v3.29 KOMA-Script package (type area)
\ta@bcor=\skip48
\ta@div=\count167
Package typearea Info: You've used standard option `a4paper'.
(typearea)             This is correct!
(typearea)             Internally I'm using `paper=a4'.
(typearea)             If you'd like to set the option with \KOMAoptions,
(typearea)             you'd have to use `paper=a4' there
(typearea)             instead of `a4paper', too.
\ta@hblk=\skip49
\ta@vblk=\skip50
\ta@temp=\skip51
\footheight=\skip52
Package typearea Info: These are the values describing the layout:
(typearea)             DIV  = 12
(typearea)             BCOR = 0.0pt
(typearea)             \paperwidth      = 597.50793pt
(typearea)              \textwidth      = 448.13095pt
(typearea)              DIV departure   = -6%
(typearea)              \evensidemargin = 27.31467pt
(typearea)              \oddsidemargin  = -22.47766pt
(typearea)             \paperheight     = 845.04694pt
(typearea)              \textheight     = 635.5pt
(typearea)              \topmargin      = -41.72441pt
(typearea)              \headheight     = 18.125pt
(typearea)              \headsep        = 21.75pt
(typearea)              \topskip        = 12.0pt
(typearea)              \footskip       = 50.75pt
(typearea)              \baselineskip   = 14.5pt
(typearea)              on input line 1719.
)
\c@part=\count168
\c@chapter=\count169
\c@section=\count170
\c@subsection=\count171
\c@subsubsection=\count172
\c@paragraph=\count173
\c@subparagraph=\count174
\scr@dte@chapter@maxnumwidth=\skip53
Class scrbook Info: using compatibility default `afterindent=bysign'
(scrbook)           for `\chapter on input line 5545.
\scr@dte@section@maxnumwidth=\skip54
Class scrbook Info: using compatibility default `runin=bysign'
(scrbook)           for `\section on input line 5555.
Class scrbook Info: using compatibility default `afterindent=bysign'
(scrbook)           for `\section on input line 5555.
\scr@dte@part@maxnumwidth=\skip55
Class scrbook Info: using compatibility default `afterindent=true'
(scrbook)           for `\part on input line 5564.
\scr@dte@subsection@maxnumwidth=\skip56
Class scrbook Info: using compatibility default `runin=bysign'
(scrbook)           for `\subsection on input line 5574.
Class scrbook Info: using compatibility default `afterindent=bysign'
(scrbook)           for `\subsection on input line 5574.
\scr@dte@subsubsection@maxnumwidth=\skip57
Class scrbook Info: using compatibility default `runin=bysign'
(scrbook)           for `\subsubsection on input line 5584.
Class scrbook Info: using compatibility default `afterindent=bysign'
(scrbook)           for `\subsubsection on input line 5584.
\scr@dte@paragraph@maxnumwidth=\skip58
Class scrbook Info: using compatibility default `runin=bysign'
(scrbook)           for `\paragraph on input line 5594.
Class scrbook Info: using compatibility default `afterindent=bysign'
(scrbook)           for `\paragraph on input line 5594.
\scr@dte@subparagraph@maxnumwidth=\skip59
Class scrbook Info: using compatibility default `runin=bysign'
(scrbook)           for `\subparagraph on input line 5604.
Class scrbook Info: using compatibility default `afterindent=bysign'
(scrbook)           for `\subparagraph on input line 5604.
\abovecaptionskip=\skip60
\belowcaptionskip=\skip61
\c@pti@nb@sid@b@x=\box46
Package tocbasic Info: omitting babel extension for `lof'
(tocbasic)             because of feature `nobabel' available
(tocbasic)             for `lof' on input line 6846.
\scr@dte@figure@maxnumwidth=\skip62
\c@figure=\count175
Package tocbasic Info: omitting babel extension for `lot'
(tocbasic)             because of feature `nobabel' available
(tocbasic)             for `lot' on input line 6867.
\scr@dte@table@maxnumwidth=\skip63
\c@table=\count176
Class scrbook Info: Using old \@makefntext due to compatibility level
(scrbook)           less than 3.22 on input line 7027.
Class scrbook Info: Redefining `\numberline' on input line 7040.
\bibindent=\dimen134
)
(/usr/share/texlive/texmf-dist/tex/latex/amsmath/amsmath.sty
Package: amsmath 2020/01/20 v2.17e AMS math features
\@mathmargin=\skip64

For additional information on amsmath, use the `?' option.
(/usr/share/texlive/texmf-dist/tex/latex/amsmath/amstext.sty
Package: amstext 2000/06/29 v2.01 AMS text

(/usr/share/texlive/texmf-dist/tex/latex/amsmath/amsgen.sty
File: amsgen.sty 1999/11/30 v2.0 generic functions
\@emptytoks=\toks15
\ex@=\dimen135
))
(/usr/share/texlive/texmf-dist/tex/latex/amsmath/amsbsy.sty
Package: amsbsy 1999/11/29 v1.2d Bold Symbols
\pmbraise@=\dimen136
)
(/usr/share/texlive/texmf-dist/tex/latex/amsmath/amsopn.sty
Package: amsopn 2016/03/08 v2.02 operator names
)
\inf@bad=\count177
LaTeX Info: Redefining \frac on input line 227.
\uproot@=\count178
\leftroot@=\count179
LaTeX Info: Redefining \overline on input line 389.
\classnum@=\count180
\DOTSCASE@=\count181
LaTeX Info: Redefining \ldots on input line 486.
LaTeX Info: Redefining \dots on input line 489.
LaTeX Info: Redefining \cdots on input line 610.
\Mathstrutbox@=\box47
\strutbox@=\box48
\big@size=\dimen137
LaTeX Font Info:    Redeclaring font encoding OML on input line 733.
LaTeX Font Info:    Redeclaring font encoding OMS on input line 734.
\macc@depth=\count182
\c@MaxMatrixCols=\count183
\dotsspace@=\muskip16
\c@parentequation=\count184
\dspbrk@lvl=\count185
\tag@help=\toks16
\row@=\count186
\column@=\count187
\maxfields@=\count188
\andhelp@=\toks17
\eqnshift@=\dimen138
\alignsep@=\dimen139
\tagshift@=\dimen140
\tagwidth@=\dimen141
\totwidth@=\dimen142
\lineht@=\dimen143
\@envbody=\toks18
\multlinegap=\skip65
\multlinetaggap=\skip66
\mathdisplay@stack=\toks19
LaTeX Info: Redefining \[ on input line 2859.
LaTeX Info: Redefining \] on input line 2860.
)
(/usr/share/texlive/texmf-dist/tex/latex/amsfonts/amssymb.sty
Package: amssymb 2013/01/14 v3.01 AMS font symbols

(/usr/share/texlive/texmf-dist/tex/latex/amsfonts/amsfonts.sty
Package: amsfonts 2013/01/14 v3.01 Basic AMSFonts support
\symAMSa=\mathgroup4
\symAMSb=\mathgroup5
LaTeX Font Info:    Redeclaring math symbol \hbar on input line 98.
LaTeX Font Info:    Overwriting math alphabet `\mathfrak' in version `bold'
(Font)                  U/euf/m/n --> U/euf/b/n on input line 106.
))
(/usr/share/texlive/texmf-dist/tex/latex/amscls/amsthm.sty
Package: amsthm 2017/10/31 v2.20.4
\thm@style=\toks20
\thm@bodyfont=\toks21
\thm@headfont=\toks22
\thm@notefont=\toks23
\thm@headpunct=\toks24
\thm@preskip=\skip67
\thm@postskip=\skip68
\thm@headsep=\skip69
\dth@everypar=\toks25
)
(/usr/share/texlive/texmf-dist/tex/latex/xpatch/xpatch.sty
(/usr/share/texlive/texmf-dist/tex/latex/l3kernel/expl3.sty
Package: expl3 2020-02-14 L3 programming layer (loader) 

(/usr/share/texlive/texmf-dist/tex/latex/l3backend/l3backend-pdfmode.def
File: l3backend-pdfmode.def 2020-02-03 L3 backend support: PDF mode
\l__kernel_color_stack_int=\count189
\l__pdf_internal_box=\box49
))
Package: xpatch 2012/10/02 v0.3 Extending etoolbox patching commands

(/usr/share/texlive/texmf-dist/tex/latex/l3packages/xparse/xparse.sty
Package: xparse 2020-02-14 L3 Experimental document command parser
\l__xparse_current_arg_int=\count190
\g__xparse_grabber_int=\count191
\l__xparse_m_args_int=\count192
\l__xparse_v_nesting_int=\count193
)
(/usr/share/texlive/texmf-dist/tex/latex/etoolbox/etoolbox.sty
Package: etoolbox 2019/09/21 v2.5h e-TeX tools for LaTeX (JAW)
\etb@tempcnta=\count194
))
Class scrbook Info: amsthm's \deferred@thm@head patched.

(/usr/share/texlive/texmf-dist/tex/latex/mathtools/mathtools.sty
Package: mathtools 2020/01/17 v1.23 mathematical typesetting tools

(/usr/share/texlive/texmf-dist/tex/latex/tools/calc.sty
Package: calc 2017/05/25 v4.3 Infix arithmetic (KKT,FJ)
\calc@Acount=\count195
\calc@Bcount=\count196
\calc@Adimen=\dimen144
\calc@Bdimen=\dimen145
\calc@Askip=\skip70
\calc@Bskip=\skip71
LaTeX Info: Redefining \setlength on input line 80.
LaTeX Info: Redefining \addtolength on input line 81.
\calc@Ccount=\count197
\calc@Cskip=\skip72
)
(/usr/share/texlive/texmf-dist/tex/latex/mathtools/mhsetup.sty
Package: mhsetup 2017/03/31 v1.3 programming setup (MH)
)
LaTeX Info: Thecontrolsequence`\('isalreadyrobust on input line 129.
LaTeX Info: Thecontrolsequence`\)'isalreadyrobust on input line 129.
LaTeX Info: Thecontrolsequence`\['isalreadyrobust on input line 129.
LaTeX Info: Thecontrolsequence`\]'isalreadyrobust on input line 129.
\g_MT_multlinerow_int=\count198
\l_MT_multwidth_dim=\dimen146
\origjot=\skip73
\l_MT_shortvdotswithinadjustabove_dim=\dimen147
\l_MT_shortvdotswithinadjustbelow_dim=\dimen148
\l_MT_above_intertext_sep=\dimen149
\l_MT_below_intertext_sep=\dimen150
\l_MT_above_shortintertext_sep=\dimen151
\l_MT_below_shortintertext_sep=\dimen152
)
(/usr/share/texlive/texmf-dist/tex/latex/commath/commath.sty
(/usr/share/texlive/texmf-dist/tex/latex/base/ifthen.sty
Package: ifthen 2014/09/29 v1.1c Standard LaTeX ifthen package (DPC)
))
(/usr/share/texlive/texmf-dist/tex/latex/svg/svg.sty
Package: svg 2020/01/13 v2.02e (include SVG pictures)

(/usr/share/texlive/texmf-dist/tex/generic/iftex/iftex.sty
Package: iftex 2019/11/07 v1.0c TeX engine tests
)
(/usr/share/texlive/texmf-dist/tex/latex/pdftexcmds/pdftexcmds.sty
Package: pdftexcmds 2019/11/24 v0.31 Utility functions of pdfTeX for LuaTeX (HO
)

(/usr/share/texlive/texmf-dist/tex/generic/infwarerr/infwarerr.sty
Package: infwarerr 2019/12/03 v1.5 Providing info/warning/error messages (HO)
)
(/usr/share/texlive/texmf-dist/tex/generic/ltxcmds/ltxcmds.sty
Package: ltxcmds 2019/12/15 v1.24 LaTeX kernel commands for general use (HO)
)
Package pdftexcmds Info: \pdf@primitive is available.
Package pdftexcmds Info: \pdf@ifprimitive is available.
Package pdftexcmds Info: \pdfdraftmode found.
)
(/usr/share/texlive/texmf-dist/tex/latex/tools/shellesc.sty
Package: shellesc 2019/11/08 v1.0c unified shell escape interface for LaTeX
Package shellesc Info: Restricted shell escape enabled on input line 77.
)
(/usr/share/texlive/texmf-dist/tex/latex/trimspaces/trimspaces.sty
Package: trimspaces 2009/09/17 v1.1 Trim spaces around a token list
)
(/usr/share/texlive/texmf-dist/tex/latex/graphics/graphicx.sty
Package: graphicx 2019/11/30 v1.2a Enhanced LaTeX Graphics (DPC,SPQR)

(/usr/share/texlive/texmf-dist/tex/latex/graphics/graphics.sty
Package: graphics 2019/11/30 v1.4a Standard LaTeX Graphics (DPC,SPQR)

(/usr/share/texlive/texmf-dist/tex/latex/graphics/trig.sty
Package: trig 2016/01/03 v1.10 sin cos tan (DPC)
)
(/usr/share/texlive/texmf-dist/tex/latex/graphics-cfg/graphics.cfg
File: graphics.cfg 2016/06/04 v1.11 sample graphics configuration
)
Package graphics Info: Driver file: pdftex.def on input line 105.

(/usr/share/texlive/texmf-dist/tex/latex/graphics-def/pdftex.def
File: pdftex.def 2018/01/08 v1.0l Graphics/color driver for pdftex
))
\Gin@req@height=\dimen153
\Gin@req@width=\dimen154
)
\svg@box=\box50
\c@svg@param@lastpage=\count199
\c@svg@param@currpage=\count266
)
(/usr/share/texlive/texmf-dist/tex/latex/xcolor/xcolor.sty
Package: xcolor 2016/05/11 v2.12 LaTeX color extensions (UK)

(/usr/share/texlive/texmf-dist/tex/latex/graphics-cfg/color.cfg
File: color.cfg 2016/01/02 v1.6 sample color configuration
)
Package xcolor Info: Driver file: pdftex.def on input line 225.
Package xcolor Info: Model `cmy' substituted by `cmy0' on input line 1348.
Package xcolor Info: Model `hsb' substituted by `rgb' on input line 1352.
Package xcolor Info: Model `RGB' extended on input line 1364.
Package xcolor Info: Model `HTML' substituted by `rgb' on input line 1366.
Package xcolor Info: Model `Hsb' substituted by `hsb' on input line 1367.
Package xcolor Info: Model `tHsb' substituted by `hsb' on input line 1368.
Package xcolor Info: Model `HSB' substituted by `hsb' on input line 1369.
Package xcolor Info: Model `Gray' substituted by `gray' on input line 1370.
Package xcolor Info: Model `wave' substituted by `hsb' on input line 1371.
)
(/usr/share/texlive/texmf-dist/tex/latex/transparent/transparent.sty
Package: transparent 2019/11/29 v1.4 Transparency via pdfTeX's color stack (HO)


(/usr/share/texlive/texmf-dist/tex/latex/auxhook/auxhook.sty
Package: auxhook 2019-12-17 v1.6 Hooks for auxiliary files (HO)
))
(/usr/share/texlive/texmf-dist/tex/latex/subfigure/subfigure.sty
Package: subfigure 2002/03/15 v2.1.5 subfigure package
\subfigtopskip=\skip74
\subfigcapskip=\skip75
\subfigcaptopadj=\dimen155
\subfigbottomskip=\skip76
\subfigcapmargin=\dimen156
\subfiglabelskip=\skip77
\c@subfigure=\count267
\c@lofdepth=\count268
\c@subtable=\count269
\c@lotdepth=\count270

****************************************
* Local config file subfigure.cfg used *
****************************************
(/usr/share/texlive/texmf-dist/tex/latex/subfigure/subfigure.cfg)
\subfig@top=\skip78
\subfig@bottom=\skip79
)
(/usr/share/texlive/texmf-dist/tex/latex/tools/longtable.sty
Package: longtable 2020/01/07 v4.13 Multi-page Table package (DPC)
\LTleft=\skip80
\LTright=\skip81
\LTpre=\skip82
\LTpost=\skip83
\LTchunksize=\count271
\LTcapwidth=\dimen157
\LT@head=\box51
\LT@firsthead=\box52
\LT@foot=\box53
\LT@lastfoot=\box54
\LT@cols=\count272
\LT@rows=\count273
\c@LT@tables=\count274
\c@LT@chunks=\count275
\LT@p@ftn=\toks26
)
Class scrbook Info: longtable captions redefined on input line 7.

(/usr/share/texlive/texmf-dist/tex/latex/caption/caption.sty
Package: caption 2020/01/03 v3.4h Customizing captions (AR)

(/usr/share/texlive/texmf-dist/tex/latex/caption/caption3.sty
Package: caption3 2020/01/03 v1.8h caption3 kernel (AR)
Package caption3 Info: TeX engine: e-TeX on input line 61.
\captionmargin=\dimen158
\captionmargin@=\dimen159
\captionwidth=\dimen160
\caption@tempdima=\dimen161
\caption@indent=\dimen162
\caption@parindent=\dimen163
\caption@hangindent=\dimen164
Package caption Info: KOMA-Script document class detected.
)
Package caption Info: KOMA-Script document class.
\c@caption@flags=\count276
\c@continuedfloat=\count277
Package caption Info: longtable package is loaded.

(/usr/share/texlive/texmf-dist/tex/latex/caption/ltcaption.sty
Package: ltcaption 2018/08/26 v1.4a longtable captions (AR)
)
Package caption Info: subfigure package is loaded.
)
(/usr/share/texlive/texmf-dist/tex/latex/booktabs/booktabs.sty
Package: booktabs 2020/01/12 v1.61803398 Publication quality tables
\heavyrulewidth=\dimen165
\lightrulewidth=\dimen166
\cmidrulewidth=\dimen167
\belowrulesep=\dimen168
\belowbottomsep=\dimen169
\aboverulesep=\dimen170
\abovetopsep=\dimen171
\cmidrulesep=\dimen172
\cmidrulekern=\dimen173
\defaultaddspace=\dimen174
\@cmidla=\count278
\@cmidlb=\count279
\@aboverulesep=\dimen175
\@belowrulesep=\dimen176
\@thisruleclass=\count280
\@lastruleclass=\count281
\@thisrulewidth=\dimen177
)
(/usr/share/texlive/texmf-dist/tex/latex/pgf/frontendlayer/tikz.sty
(/usr/share/texlive/texmf-dist/tex/latex/pgf/basiclayer/pgf.sty
(/usr/share/texlive/texmf-dist/tex/latex/pgf/utilities/pgfrcs.sty
(/usr/share/texlive/texmf-dist/tex/generic/pgf/utilities/pgfutil-common.tex
\pgfutil@everybye=\toks27
\pgfutil@tempdima=\dimen178
\pgfutil@tempdimb=\dimen179

(/usr/share/texlive/texmf-dist/tex/generic/pgf/utilities/pgfutil-common-lists.t
ex)) (/usr/share/texlive/texmf-dist/tex/generic/pgf/utilities/pgfutil-latex.def
\pgfutil@abb=\box55
(/usr/share/texlive/texmf-dist/tex/latex/ms/everyshi.sty
Package: everyshi 2001/05/15 v3.00 EveryShipout Package (MS)
))
(/usr/share/texlive/texmf-dist/tex/generic/pgf/utilities/pgfrcs.code.tex
(/usr/share/texlive/texmf-dist/tex/generic/pgf/pgf.revision.tex)
Package: pgfrcs 2020/01/08 v3.1.5b (3.1.5b)
))
Package: pgf 2020/01/08 v3.1.5b (3.1.5b)

(/usr/share/texlive/texmf-dist/tex/latex/pgf/basiclayer/pgfcore.sty
(/usr/share/texlive/texmf-dist/tex/latex/pgf/systemlayer/pgfsys.sty
(/usr/share/texlive/texmf-dist/tex/generic/pgf/systemlayer/pgfsys.code.tex
Package: pgfsys 2020/01/08 v3.1.5b (3.1.5b)

(/usr/share/texlive/texmf-dist/tex/generic/pgf/utilities/pgfkeys.code.tex
\pgfkeys@pathtoks=\toks28
\pgfkeys@temptoks=\toks29

(/usr/share/texlive/texmf-dist/tex/generic/pgf/utilities/pgfkeysfiltered.code.t
ex
\pgfkeys@tmptoks=\toks30
))
\pgf@x=\dimen180
\pgf@y=\dimen181
\pgf@xa=\dimen182
\pgf@ya=\dimen183
\pgf@xb=\dimen184
\pgf@yb=\dimen185
\pgf@xc=\dimen186
\pgf@yc=\dimen187
\pgf@xd=\dimen188
\pgf@yd=\dimen189
\w@pgf@writea=\write3
\r@pgf@reada=\read2
\c@pgf@counta=\count282
\c@pgf@countb=\count283
\c@pgf@countc=\count284
\c@pgf@countd=\count285
\t@pgf@toka=\toks31
\t@pgf@tokb=\toks32
\t@pgf@tokc=\toks33
\pgf@sys@id@count=\count286
 (/usr/share/texlive/texmf-dist/tex/generic/pgf/systemlayer/pgf.cfg
File: pgf.cfg 2020/01/08 v3.1.5b (3.1.5b)
)
Driver file for pgf: pgfsys-pdftex.def

(/usr/share/texlive/texmf-dist/tex/generic/pgf/systemlayer/pgfsys-pdftex.def
File: pgfsys-pdftex.def 2020/01/08 v3.1.5b (3.1.5b)

(/usr/share/texlive/texmf-dist/tex/generic/pgf/systemlayer/pgfsys-common-pdf.de
f
File: pgfsys-common-pdf.def 2020/01/08 v3.1.5b (3.1.5b)
)))
(/usr/share/texlive/texmf-dist/tex/generic/pgf/systemlayer/pgfsyssoftpath.code.
tex
File: pgfsyssoftpath.code.tex 2020/01/08 v3.1.5b (3.1.5b)
\pgfsyssoftpath@smallbuffer@items=\count287
\pgfsyssoftpath@bigbuffer@items=\count288
)
(/usr/share/texlive/texmf-dist/tex/generic/pgf/systemlayer/pgfsysprotocol.code.
tex
File: pgfsysprotocol.code.tex 2020/01/08 v3.1.5b (3.1.5b)
))
(/usr/share/texlive/texmf-dist/tex/generic/pgf/basiclayer/pgfcore.code.tex
Package: pgfcore 2020/01/08 v3.1.5b (3.1.5b)

(/usr/share/texlive/texmf-dist/tex/generic/pgf/math/pgfmath.code.tex
(/usr/share/texlive/texmf-dist/tex/generic/pgf/math/pgfmathcalc.code.tex
(/usr/share/texlive/texmf-dist/tex/generic/pgf/math/pgfmathutil.code.tex)
(/usr/share/texlive/texmf-dist/tex/generic/pgf/math/pgfmathparser.code.tex
\pgfmath@dimen=\dimen190
\pgfmath@count=\count289
\pgfmath@box=\box56
\pgfmath@toks=\toks34
\pgfmath@stack@operand=\toks35
\pgfmath@stack@operation=\toks36
)
(/usr/share/texlive/texmf-dist/tex/generic/pgf/math/pgfmathfunctions.code.tex
(/usr/share/texlive/texmf-dist/tex/generic/pgf/math/pgfmathfunctions.basic.code
.tex)
(/usr/share/texlive/texmf-dist/tex/generic/pgf/math/pgfmathfunctions.trigonomet
ric.code.tex)
(/usr/share/texlive/texmf-dist/tex/generic/pgf/math/pgfmathfunctions.random.cod
e.tex)
(/usr/share/texlive/texmf-dist/tex/generic/pgf/math/pgfmathfunctions.comparison
.code.tex)
(/usr/share/texlive/texmf-dist/tex/generic/pgf/math/pgfmathfunctions.base.code.
tex)
(/usr/share/texlive/texmf-dist/tex/generic/pgf/math/pgfmathfunctions.round.code
.tex)
(/usr/share/texlive/texmf-dist/tex/generic/pgf/math/pgfmathfunctions.misc.code.
tex)
(/usr/share/texlive/texmf-dist/tex/generic/pgf/math/pgfmathfunctions.integerari
thmetics.code.tex)))
(/usr/share/texlive/texmf-dist/tex/generic/pgf/math/pgfmathfloat.code.tex
\c@pgfmathroundto@lastzeros=\count290
))
(/usr/share/texlive/texmf-dist/tex/generic/pgf/math/pgfint.code.tex)
(/usr/share/texlive/texmf-dist/tex/generic/pgf/basiclayer/pgfcorepoints.code.te
x
File: pgfcorepoints.code.tex 2020/01/08 v3.1.5b (3.1.5b)
\pgf@picminx=\dimen191
\pgf@picmaxx=\dimen192
\pgf@picminy=\dimen193
\pgf@picmaxy=\dimen194
\pgf@pathminx=\dimen195
\pgf@pathmaxx=\dimen196
\pgf@pathminy=\dimen197
\pgf@pathmaxy=\dimen198
\pgf@xx=\dimen199
\pgf@xy=\dimen256
\pgf@yx=\dimen257
\pgf@yy=\dimen258
\pgf@zx=\dimen259
\pgf@zy=\dimen260
)
(/usr/share/texlive/texmf-dist/tex/generic/pgf/basiclayer/pgfcorepathconstruct.
code.tex
File: pgfcorepathconstruct.code.tex 2020/01/08 v3.1.5b (3.1.5b)
\pgf@path@lastx=\dimen261
\pgf@path@lasty=\dimen262
)
(/usr/share/texlive/texmf-dist/tex/generic/pgf/basiclayer/pgfcorepathusage.code
.tex
File: pgfcorepathusage.code.tex 2020/01/08 v3.1.5b (3.1.5b)
\pgf@shorten@end@additional=\dimen263
\pgf@shorten@start@additional=\dimen264
)
(/usr/share/texlive/texmf-dist/tex/generic/pgf/basiclayer/pgfcorescopes.code.te
x
File: pgfcorescopes.code.tex 2020/01/08 v3.1.5b (3.1.5b)
\pgfpic=\box57
\pgf@hbox=\box58
\pgf@layerbox@main=\box59
\pgf@picture@serial@count=\count291
)
(/usr/share/texlive/texmf-dist/tex/generic/pgf/basiclayer/pgfcoregraphicstate.c
ode.tex
File: pgfcoregraphicstate.code.tex 2020/01/08 v3.1.5b (3.1.5b)
\pgflinewidth=\dimen265
)
(/usr/share/texlive/texmf-dist/tex/generic/pgf/basiclayer/pgfcoretransformation
s.code.tex
File: pgfcoretransformations.code.tex 2020/01/08 v3.1.5b (3.1.5b)
\pgf@pt@x=\dimen266
\pgf@pt@y=\dimen267
\pgf@pt@temp=\dimen268
)
(/usr/share/texlive/texmf-dist/tex/generic/pgf/basiclayer/pgfcorequick.code.tex
File: pgfcorequick.code.tex 2020/01/08 v3.1.5b (3.1.5b)
)
(/usr/share/texlive/texmf-dist/tex/generic/pgf/basiclayer/pgfcoreobjects.code.t
ex
File: pgfcoreobjects.code.tex 2020/01/08 v3.1.5b (3.1.5b)
)
(/usr/share/texlive/texmf-dist/tex/generic/pgf/basiclayer/pgfcorepathprocessing
.code.tex
File: pgfcorepathprocessing.code.tex 2020/01/08 v3.1.5b (3.1.5b)
)
(/usr/share/texlive/texmf-dist/tex/generic/pgf/basiclayer/pgfcorearrows.code.te
x
File: pgfcorearrows.code.tex 2020/01/08 v3.1.5b (3.1.5b)
\pgfarrowsep=\dimen269
)
(/usr/share/texlive/texmf-dist/tex/generic/pgf/basiclayer/pgfcoreshade.code.tex
File: pgfcoreshade.code.tex 2020/01/08 v3.1.5b (3.1.5b)
\pgf@max=\dimen270
\pgf@sys@shading@range@num=\count292
\pgf@shadingcount=\count293
)
(/usr/share/texlive/texmf-dist/tex/generic/pgf/basiclayer/pgfcoreimage.code.tex
File: pgfcoreimage.code.tex 2020/01/08 v3.1.5b (3.1.5b)

(/usr/share/texlive/texmf-dist/tex/generic/pgf/basiclayer/pgfcoreexternal.code.
tex
File: pgfcoreexternal.code.tex 2020/01/08 v3.1.5b (3.1.5b)
\pgfexternal@startupbox=\box60
))
(/usr/share/texlive/texmf-dist/tex/generic/pgf/basiclayer/pgfcorelayers.code.te
x
File: pgfcorelayers.code.tex 2020/01/08 v3.1.5b (3.1.5b)
)
(/usr/share/texlive/texmf-dist/tex/generic/pgf/basiclayer/pgfcoretransparency.c
ode.tex
File: pgfcoretransparency.code.tex 2020/01/08 v3.1.5b (3.1.5b)
)
(/usr/share/texlive/texmf-dist/tex/generic/pgf/basiclayer/pgfcorepatterns.code.
tex
File: pgfcorepatterns.code.tex 2020/01/08 v3.1.5b (3.1.5b)
)
(/usr/share/texlive/texmf-dist/tex/generic/pgf/basiclayer/pgfcorerdf.code.tex
File: pgfcorerdf.code.tex 2020/01/08 v3.1.5b (3.1.5b)
)))
(/usr/share/texlive/texmf-dist/tex/generic/pgf/modules/pgfmoduleshapes.code.tex
File: pgfmoduleshapes.code.tex 2020/01/08 v3.1.5b (3.1.5b)
\pgfnodeparttextbox=\box61
) (/usr/share/texlive/texmf-dist/tex/generic/pgf/modules/pgfmoduleplot.code.tex
File: pgfmoduleplot.code.tex 2020/01/08 v3.1.5b (3.1.5b)
)
(/usr/share/texlive/texmf-dist/tex/latex/pgf/compatibility/pgfcomp-version-0-65
.sty
Package: pgfcomp-version-0-65 2020/01/08 v3.1.5b (3.1.5b)
\pgf@nodesepstart=\dimen271
\pgf@nodesepend=\dimen272
)
(/usr/share/texlive/texmf-dist/tex/latex/pgf/compatibility/pgfcomp-version-1-18
.sty
Package: pgfcomp-version-1-18 2020/01/08 v3.1.5b (3.1.5b)
)) (/usr/share/texlive/texmf-dist/tex/latex/pgf/utilities/pgffor.sty
(/usr/share/texlive/texmf-dist/tex/latex/pgf/utilities/pgfkeys.sty
(/usr/share/texlive/texmf-dist/tex/generic/pgf/utilities/pgfkeys.code.tex))
(/usr/share/texlive/texmf-dist/tex/latex/pgf/math/pgfmath.sty
(/usr/share/texlive/texmf-dist/tex/generic/pgf/math/pgfmath.code.tex))
(/usr/share/texlive/texmf-dist/tex/generic/pgf/utilities/pgffor.code.tex
Package: pgffor 2020/01/08 v3.1.5b (3.1.5b)

(/usr/share/texlive/texmf-dist/tex/generic/pgf/math/pgfmath.code.tex)
\pgffor@iter=\dimen273
\pgffor@skip=\dimen274
\pgffor@stack=\toks37
\pgffor@toks=\toks38
))
(/usr/share/texlive/texmf-dist/tex/generic/pgf/frontendlayer/tikz/tikz.code.tex
Package: tikz 2020/01/08 v3.1.5b (3.1.5b)

(/usr/share/texlive/texmf-dist/tex/generic/pgf/libraries/pgflibraryplothandlers
.code.tex
File: pgflibraryplothandlers.code.tex 2020/01/08 v3.1.5b (3.1.5b)
\pgf@plot@mark@count=\count294
\pgfplotmarksize=\dimen275
)
\tikz@lastx=\dimen276
\tikz@lasty=\dimen277
\tikz@lastxsaved=\dimen278
\tikz@lastysaved=\dimen279
\tikz@lastmovetox=\dimen280
\tikz@lastmovetoy=\dimen281
\tikzleveldistance=\dimen282
\tikzsiblingdistance=\dimen283
\tikz@figbox=\box62
\tikz@figbox@bg=\box63
\tikz@tempbox=\box64
\tikz@tempbox@bg=\box65
\tikztreelevel=\count295
\tikznumberofchildren=\count296
\tikznumberofcurrentchild=\count297
\tikz@fig@count=\count298

(/usr/share/texlive/texmf-dist/tex/generic/pgf/modules/pgfmodulematrix.code.tex
File: pgfmodulematrix.code.tex 2020/01/08 v3.1.5b (3.1.5b)
\pgfmatrixcurrentrow=\count299
\pgfmatrixcurrentcolumn=\count300
\pgf@matrix@numberofcolumns=\count301
)
\tikz@expandcount=\count302

(/usr/share/texlive/texmf-dist/tex/generic/pgf/frontendlayer/tikz/libraries/tik
zlibrarytopaths.code.tex
File: tikzlibrarytopaths.code.tex 2020/01/08 v3.1.5b (3.1.5b)
)))
(/usr/share/texlive/texmf-dist/tex/generic/pgf/frontendlayer/tikz/libraries/tik
zlibraryshapes.geometric.code.tex
File: tikzlibraryshapes.geometric.code.tex 2020/01/08 v3.1.5b (3.1.5b)

(/usr/share/texlive/texmf-dist/tex/generic/pgf/libraries/shapes/pgflibraryshape
s.geometric.code.tex
File: pgflibraryshapes.geometric.code.tex 2020/01/08 v3.1.5b (3.1.5b)
))
(/usr/share/texlive/texmf-dist/tex/generic/pgf/frontendlayer/tikz/libraries/tik
zlibraryarrows.code.tex
File: tikzlibraryarrows.code.tex 2020/01/08 v3.1.5b (3.1.5b)

(/usr/share/texlive/texmf-dist/tex/generic/pgf/libraries/pgflibraryarrows.code.
tex
File: pgflibraryarrows.code.tex 2020/01/08 v3.1.5b (3.1.5b)
\arrowsize=\dimen284
))

Package scrbase Warning: Usage of deprecated command `\ifpdfoutput'.
(scrbase)                The command has been renamed because of a
(scrbase)                recommendation of The LaTeX Project Team.
(scrbase)                Please replace `\ifpdfoutput' by `\Ifpdfoutput' on inp
ut line 21.


! LaTeX Error: Option clash for package graphicx.

See the LaTeX manual or LaTeX Companion for explanation.
Type  H <return>  for immediate help.
 ...                                              
                                                  
l.26 }
      
? 
(/usr/share/texlive/texmf-dist/tex/latex/pdfpages/pdfpages.sty
Package: pdfpages 2020/01/28 v0.5q Insert pages of external PDF documents (AM)

(/usr/share/texlive/texmf-dist/tex/latex/eso-pic/eso-pic.sty
Package: eso-pic 2018/04/12 v2.0h eso-pic (RN)

(/usr/share/texlive/texmf-dist/tex/generic/atbegshi/atbegshi.sty
Package: atbegshi 2019/12/05 v1.19 At begin shipout hook (HO)
))
\AM@pagewidth=\dimen285
\AM@pageheight=\dimen286

(/usr/share/texlive/texmf-dist/tex/latex/pdfpages/pppdftex.def
File: pppdftex.def 2020/01/28 v0.5q Pdfpages driver for pdfTeX (AM)
)
\AM@pagebox=\box66
\AM@global@opts=\toks39
\AM@pagecnt=\count303
\AM@toc@title=\toks40
\c@AM@survey=\count304
\AM@templatesizebox=\box67
)
(/usr/share/texlive/texmf-dist/tex/latex/graphics/rotating.sty
Package: rotating 2016/08/11 v2.16d rotated objects in LaTeX
\c@r@tfl@t=\count305
\rotFPtop=\skip84
\rotFPbot=\skip85
\rot@float@box=\box68
\rot@mess@toks=\toks41
)
(/usr/share/texlive/texmf-dist/tex/latex/koma-script/scrpage2.sty
Package: scrpage2 2020/01/24 v3.29 KOMA-Script package (page head and foot)


Package scrpage2 Warning: usage of obsolete package!
(scrpage2)                Package `scrpage2' is obsolete.
(scrpage2)                You should not longer use package `scrpage2'.
(scrpage2)                You should replace usage of package `scrpage2'
(scrpage2)                by `scrlayer-scrpage' on input line 52.


Package scrpage2 Warning: deprecated passing option `headinclude' to scrpage2.
(scrpage2)                If you are using package typearea or
(scrpage2)                a KOMA-Script class since version 3.00
(scrpage2)                you may use `\KOMAoptions{headinclude}' and
(scrpage2)                remove passing `headinclude' to scrpage2.

LaTeX Info: Redefining \pagemark on input line 180.
) (/usr/share/texlive/texmf-dist/tex/latex/psnfss/times.sty
Package: times 2005/04/12 PSNFSS-v9.2a (SPQR) 
)
(/usr/share/texlive/texmf-dist/tex/latex/psnfss/helvet.sty
Package: helvet 2005/04/12 PSNFSS-v9.2a (WaS) 
)
(/usr/share/texlive/texmf-dist/tex/latex/base/fontenc.sty
Package: fontenc 2020/02/11 v2.0o Standard LaTeX package
LaTeX Font Info:    Trying to load font information for T1+ptm on input line 11
2.

(/usr/share/texlive/texmf-dist/tex/latex/psnfss/t1ptm.fd
File: t1ptm.fd 2001/06/04 font definitions for T1/ptm.
))

Package scrbase Warning: Usage of deprecated command `\ifpdfoutput'.
(scrbase)                The command has been renamed because of a
(scrbase)                recommendation of The LaTeX Project Team.
(scrbase)                Please replace `\ifpdfoutput' by `\Ifpdfoutput' on inp
ut line 36.

(/usr/share/texlive/texmf-dist/tex/latex/hyperref/hyperref.sty
Package: hyperref 2020/01/14 v7.00d Hypertext links for LaTeX

(/usr/share/texlive/texmf-dist/tex/generic/kvsetkeys/kvsetkeys.sty
Package: kvsetkeys 2019/12/15 v1.18 Key value parser (HO)
)
(/usr/share/texlive/texmf-dist/tex/generic/kvdefinekeys/kvdefinekeys.sty
Package: kvdefinekeys 2019-12-19 v1.6 Define keys (HO)
)
(/usr/share/texlive/texmf-dist/tex/generic/pdfescape/pdfescape.sty
Package: pdfescape 2019/12/09 v1.15 Implements pdfTeX's escape features (HO)
)
(/usr/share/texlive/texmf-dist/tex/latex/hycolor/hycolor.sty
Package: hycolor 2020-01-27 v1.10 Color options for hyperref/bookmark (HO)
)
(/usr/share/texlive/texmf-dist/tex/latex/letltxmacro/letltxmacro.sty
Package: letltxmacro 2019/12/03 v1.6 Let assignment for LaTeX macros (HO)
)
(/usr/share/texlive/texmf-dist/tex/latex/kvoptions/kvoptions.sty
Package: kvoptions 2019/11/29 v3.13 Key value format for package options (HO)
)
\@linkdim=\dimen287
\Hy@linkcounter=\count306
\Hy@pagecounter=\count307

(/usr/share/texlive/texmf-dist/tex/latex/hyperref/pd1enc.def
File: pd1enc.def 2020/01/14 v7.00d Hyperref: PDFDocEncoding definition (HO)
Now handling font encoding PD1 ...
... no UTF-8 mapping file for font encoding PD1
)
(/usr/share/texlive/texmf-dist/tex/generic/intcalc/intcalc.sty
Package: intcalc 2019/12/15 v1.3 Expandable calculations with integers (HO)
)
(/usr/share/texlive/texmf-dist/tex/generic/etexcmds/etexcmds.sty
Package: etexcmds 2019/12/15 v1.7 Avoid name clashes with e-TeX commands (HO)
)
\Hy@SavedSpaceFactor=\count308
\pdfmajorversion=\count309


Package hyperref Warning: Option `a4paper' is no longer used.

Package hyperref Info: Option `bookmarks' set `true' on input line 4421.
Package hyperref Info: Option `bookmarksopen' set `true' on input line 4421.
Package hyperref Info: Option `bookmarksnumbered' set `true' on input line 4421
.
Package hyperref Info: Option `colorlinks' set `true' on input line 4421.
Package hyperref Info: Option `breaklinks' set `true' on input line 4421.
Package hyperref Info: Option `pageanchor' set `true' on input line 4421.
Package hyperref Info: Option `plainpages' set `false' on input line 4421.
Package hyperref Info: Option `pdfpagelabels' set `true' on input line 4421.
Package hyperref Info: Hyper figures OFF on input line 4547.
Package hyperref Info: Link nesting OFF on input line 4552.
Package hyperref Info: Hyper index ON on input line 4555.
Package hyperref Info: Plain pages OFF on input line 4562.
Package hyperref Info: Backreferencing OFF on input line 4567.
Package hyperref Info: Implicit mode ON; LaTeX internals redefined.
Package hyperref Info: Bookmarks ON on input line 4800.
\c@Hy@tempcnt=\count310
(/usr/share/texlive/texmf-dist/tex/latex/url/url.sty
\Urlmuskip=\muskip17
Package: url 2013/09/16  ver 3.4  Verb mode for urls, etc.
)
LaTeX Info: Redefining \url on input line 5159.
\XeTeXLinkMargin=\dimen288

(/usr/share/texlive/texmf-dist/tex/generic/bitset/bitset.sty
Package: bitset 2019/12/09 v1.3 Handle bit-vector datatype (HO)

(/usr/share/texlive/texmf-dist/tex/generic/bigintcalc/bigintcalc.sty
Package: bigintcalc 2019/12/15 v1.5 Expandable calculations on big integers (HO
)
))
\Fld@menulength=\count311
\Field@Width=\dimen289
\Fld@charsize=\dimen290
Package hyperref Info: Hyper figures OFF on input line 6430.
Package hyperref Info: Link nesting OFF on input line 6435.
Package hyperref Info: Hyper index ON on input line 6438.
Package hyperref Info: backreferencing OFF on input line 6445.
Package hyperref Info: Link coloring ON on input line 6448.
Package hyperref Info: Link coloring with OCG OFF on input line 6455.
Package hyperref Info: PDF/A mode OFF on input line 6460.
LaTeX Info: Redefining \ref on input line 6500.
LaTeX Info: Redefining \pageref on input line 6504.
\Hy@abspage=\count312
\c@Item=\count313
\c@Hfootnote=\count314
)
Package hyperref Info: Driver: hpdftex.

(/usr/share/texlive/texmf-dist/tex/latex/hyperref/hpdftex.def
File: hpdftex.def 2020/01/14 v7.00d Hyperref driver for pdfTeX

(/usr/share/texlive/texmf-dist/tex/latex/atveryend/atveryend.sty
Package: atveryend 2019-12-11 v1.11 Hooks at the very end of document (HO)
)
\Fld@listcount=\count315
\c@bookmark@seq@number=\count316

(/usr/share/texlive/texmf-dist/tex/latex/rerunfilecheck/rerunfilecheck.sty
Package: rerunfilecheck 2019/12/05 v1.9 Rerun checks for auxiliary files (HO)

(/usr/share/texlive/texmf-dist/tex/generic/uniquecounter/uniquecounter.sty
Package: uniquecounter 2019/12/15 v1.4 Provide unlimited unique counter (HO)
)
Package uniquecounter Info: New unique counter `rerunfilecheck' on input line 2
86.
)
\Hy@SectionHShift=\skip86
)

Package scrbase Warning: Usage of deprecated command `\ifpdfoutput'.
(scrbase)                The command has been renamed because of a
(scrbase)                recommendation of The LaTeX Project Team.
(scrbase)                Please replace `\ifpdfoutput' by `\Ifpdfoutput' on inp
ut line 57.

(./preamble.tex) (./bibpre.tex
\bibhang=\skip87
) (./thesis.aux (./abstract.aux)
(./ch01-introduction.aux) (./ch02-related-work.aux) (./ch03-more-chapters.aux)
(./ch04-conclusion.aux))
\openout1 = `thesis.aux'.

LaTeX Font Info:    Checking defaults for OML/cmm/m/it on input line 83.
LaTeX Font Info:    ... okay on input line 83.
LaTeX Font Info:    Checking defaults for OMS/cmsy/m/n on input line 83.
LaTeX Font Info:    ... okay on input line 83.
LaTeX Font Info:    Checking defaults for OT1/cmr/m/n on input line 83.
LaTeX Font Info:    ... okay on input line 83.
LaTeX Font Info:    Checking defaults for T1/cmr/m/n on input line 83.
LaTeX Font Info:    ... okay on input line 83.
LaTeX Font Info:    Checking defaults for TS1/cmr/m/n on input line 83.
LaTeX Font Info:    ... okay on input line 83.
LaTeX Font Info:    Checking defaults for OMX/cmex/m/n on input line 83.
LaTeX Font Info:    ... okay on input line 83.
LaTeX Font Info:    Checking defaults for U/cmr/m/n on input line 83.
LaTeX Font Info:    ... okay on input line 83.
LaTeX Font Info:    Checking defaults for PD1/pdf/m/n on input line 83.
LaTeX Font Info:    ... okay on input line 83.
Package scrbase Info: activating english \contentsname on input line 83.
Package scrbase Info: activating english \listfigurename on input line 83.
Package scrbase Info: activating english \listtablename on input line 83.

(/usr/share/texlive/texmf-dist/tex/context/base/mkii/supp-pdf.mkii
[Loading MPS to PDF converter (version 2006.09.02).]
\scratchcounter=\count317
\scratchdimen=\dimen291
\scratchbox=\box69
\nofMPsegments=\count318
\nofMParguments=\count319
\everyMPshowfont=\toks42
\MPscratchCnt=\count320
\MPscratchDim=\dimen292
\MPnumerator=\count321
\makeMPintoPDFobject=\count322
\everyMPtoPDFconversion=\toks43
) (/usr/share/texlive/texmf-dist/tex/latex/epstopdf-pkg/epstopdf-base.sty
Package: epstopdf-base 2020-01-24 v2.11 Base part for package epstopdf
Package epstopdf-base Info: Redefining graphics rule for `.eps' on input line 4
85.

(/usr/share/texlive/texmf-dist/tex/latex/latexconfig/epstopdf-sys.cfg
File: epstopdf-sys.cfg 2010/07/13 v1.3 Configuration of (r)epstopdf for TeX Liv
e
))
Package caption Info: Begin \AtBeginDocument code.
Package caption Info: hyperref package is loaded.
Package caption Info: rotating package is loaded.
Package caption Info: End \AtBeginDocument code.

ABD: EveryShipout initializing macros
\AtBeginShipoutBox=\box70

(/usr/share/texlive/texmf-dist/tex/latex/pdflscape/pdflscape.sty
Package: pdflscape 2019/12/05 v0.12 Display of landscape pages in PDF (HO)

(/usr/share/texlive/texmf-dist/tex/latex/graphics/lscape.sty
Package: lscape 2000/10/22 v3.01 Landscape Pages (DPC)
)
Package pdflscape Info: Auto-detected driver: pdftex on input line 81.
)
Package hyperref Info: Link coloring ON on input line 83.

(/usr/share/texlive/texmf-dist/tex/latex/hyperref/nameref.sty
Package: nameref 2019/09/16 v2.46 Cross-referencing by name of section

(/usr/share/texlive/texmf-dist/tex/latex/refcount/refcount.sty
Package: refcount 2019/12/15 v3.6 Data extraction from label references (HO)
)
(/usr/share/texlive/texmf-dist/tex/generic/gettitlestring/gettitlestring.sty
Package: gettitlestring 2019/12/15 v1.6 Cleanup title references (HO)
)
\c@section@level=\count323
)
LaTeX Info: Redefining \ref on input line 83.
LaTeX Info: Redefining \pageref on input line 83.
LaTeX Info: Redefining \nameref on input line 83.

(./thesis.out) (./thesis.out)
\@outlinefile=\write4
\openout4 = `thesis.out'.

Class scrbook Info: loading recommended package `bookmark'.
(scrbook)           Using `bookmark' together with `hyperref' is recommended,
(scrbook)           because of handling of possible bookmark level gaps.
(scrbook)           You can avoid loading `bookmark' with KOMA-Script option
(scrbook)           `bookmarkpackage=false' before \begin{document} and
(scrbook)           you can avoid this message adding:
(scrbook)             \usepackage{bookmark}
(scrbook)           before \begin{document} on input line 83.

(/usr/share/texlive/texmf-dist/tex/latex/bookmark/bookmark.sty
Package: bookmark 2019/12/03 v1.28 PDF bookmarks (HO)

(/usr/share/texlive/texmf-dist/tex/latex/bookmark/bkm-pdftex.def
File: bkm-pdftex.def 2019/12/03 v1.28 bookmark driver for pdfTeX (HO)
Package auxhook Info: \AddLineBeginMainAux comes a little late,
(auxhook)             because the main .aux file is already opened on input lin
e 168.
\BKM@id=\count324
))
(./studchapter.tex)

! LaTeX Error: Command \secref already defined.
               Or name \end... illegal, see p.192 of the manual.

See the LaTeX manual or LaTeX Companion for explanation.
Type  H <return>  for immediate help.
 ...                                              
                                                  
l.97 \newcommand{\secref}[1]{Section \ref{#1}}
                                              
? 

! LaTeX Error: Command \figref already defined.
               Or name \end... illegal, see p.192 of the manual.

See the LaTeX manual or LaTeX Companion for explanation.
Type  H <return>  for immediate help.
 ...                                              
                                                  
l.99 \newcommand{\figref}[1]{Figure \ref{#1}}
                                             
? 
LaTeX Font Info:    Trying to load font information for T1+phv on input line 12
0.
(/usr/share/texlive/texmf-dist/tex/latex/psnfss/t1phv.fd
File: t1phv.fd 2001/06/04 scalable font definitions for T1/phv.
)
<figures/colors_on_black.png, id=7, 1665.22125pt x 972.63374pt>
File: figures/colors_on_black.png Graphic file (type png)
<use figures/colors_on_black.png>
Package pdftex.def Info: figures/colors_on_black.png  used on input line 121.
(pdftex.def)             Requested size: 364.24236pt x 212.74826pt.
LaTeX Font Info:    Font shape `T1/phv/m/it' in size <14.4> not available
(Font)              Font shape `T1/phv/m/sl' tried instead on input line 132.


pdfTeX warning: /usr/bin/pdflatex (file ./figures/ETH_logo.pdf): PDF inclusion:
 found PDF version <1.7>, but at most version <1.5> allowed
<figures/ETH_logo.pdf, id=9, 8833.0pt x 2366.8425pt>
File: figures/ETH_logo.pdf Graphic file (type pdf)
<use figures/ETH_logo.pdf>
Package pdftex.def Info: figures/ETH_logo.pdf  used on input line 139.
(pdftex.def)             Requested size: 136.59175pt x 36.58455pt.
<figures/CRL-logo.pdf, id=11, 601.24625pt x 119.44624pt>
File: figures/CRL-logo.pdf Graphic file (type pdf)
<use figures/CRL-logo.pdf>
Package pdftex.def Info: figures/CRL-logo.pdf  used on input line 140.
(pdftex.def)             Requested size: 136.59175pt x 27.13487pt.
[1

{/var/lib/texmf/fonts/map/pdftex/updmap/pdftex.map} <./figures/colors_on_black.
png> <./figures/ETH_logo.pdf> <./figures/CRL-Logo.pdf>] [2

]
\openout2 = `abstract.aux'.

 (./abstract.tex
[1


] [2

]) (./thesis.toc
LaTeX Font Info:    Trying to load font information for U+msa on input line 4.

(/usr/share/texlive/texmf-dist/tex/latex/amsfonts/umsa.fd
File: umsa.fd 2013/01/14 v3.01 AMS symbols A
)
LaTeX Font Info:    Trying to load font information for U+msb on input line 4.

(/usr/share/texlive/texmf-dist/tex/latex/amsfonts/umsb.fd
File: umsb.fd 2013/01/14 v3.01 AMS symbols B
) [3



])
\tf@toc=\write5
\openout5 = `thesis.toc'.

 [4]
(./thesis.lof
Underfull \vbox (badness 1953) has occurred while \output is active []

 [5


])
\tf@lof=\write6
\openout6 = `thesis.lof'.


[6]
\openout2 = `ch01-introduction.aux'.

 (./ch01-introduction.tex
chapter 1.
LaTeX Font Info:    Font shape `T1/phv/bx/n' in size <100> not available
(Font)              Font shape `T1/phv/b/n' tried instead on input line 49.

Overfull \hbox (2.28006pt too wide) has occurred while \output is active
[]|[] []
 []


Overfull \vbox (459.06232pt too high) has occurred while \output is active []

pdfTeX warning (ext4): destination with the same identifier (name{page.1}) has 
been already used, duplicate ignored
<to be read again> 
                   \relax 
l.49 
      [1



])pdfTeX warning (ext4): destination with the same identifier (name{page.2}) ha
s been already used, duplicate ignored
<to be read again> 
                   \relax 
l.202 \include{ch01-introduction}
                                  [2]
\openout2 = `ch02-related-work.aux'.

 (./ch02-related-work.tex
chapter 2.

Overfull \hbox (2.28006pt too wide) has occurred while \output is active
[]|[] []
 []


Overfull \vbox (459.06232pt too high) has occurred while \output is active []


[3



] [4]
<figures/resdidual_force_polytope.png, id=217, 807.015pt x 424.58624pt>
File: figures/resdidual_force_polytope.png Graphic file (type png)
<use figures/resdidual_force_polytope.png>
Package pdftex.def Info: figures/resdidual_force_polytope.png  used on input li
ne 33.
(pdftex.def)             Requested size: 455.30121pt x 239.54182pt.
 [5] [6 <./figures/resdidual_force_polytope.png>]
<figures/IMG_0769.jpg, id=239, 960.58875pt x 945.5325pt>
File: figures/IMG_0769.jpg Graphic file (type jpg)
<use figures/IMG_0769.jpg>
Package pdftex.def Info: figures/IMG_0769.jpg  used on input line 88.
(pdftex.def)             Requested size: 182.11769pt x 179.26349pt.
<figures/IMG_0770.jpg, id=240, 948.54375pt x 949.5475pt>
File: figures/IMG_0770.jpg Graphic file (type jpg)
<use figures/IMG_0770.jpg>
Package pdftex.def Info: figures/IMG_0770.jpg  used on input line 92.
(pdftex.def)             Requested size: 182.11769pt x 182.29945pt.
 [7 <./figures/IMG_0769.jpg> <./figures/IMG_0770.jpg>] [8]
<figures/1d-cm.jpg, id=269, 1858.945pt x 965.6075pt>
File: figures/1d-cm.jpg Graphic file (type jpg)
<use figures/1d-cm.jpg>
Package pdftex.def Info: figures/1d-cm.jpg  used on input line 113.
(pdftex.def)             Requested size: 227.6506pt x 118.24007pt.
 [9 <./figures/1d-cm.jpg>]
<figures/IMG_0783.jpg, id=283, 2055.68pt x 2593.69pt>
File: figures/IMG_0783.jpg Graphic file (type jpg)
<use figures/IMG_0783.jpg>
Package pdftex.def Info: figures/IMG_0783.jpg  used on input line 123.
(pdftex.def)             Requested size: 227.6506pt x 287.20645pt.
<figures/bisection.png, id=286, 550.30594pt x 737.00343pt>
File: figures/bisection.png Graphic file (type png)
<use figures/bisection.png>
Package pdftex.def Info: figures/bisection.png  used on input line 133.
(pdftex.def)             Requested size: 227.6506pt x 304.88359pt.


LaTeX Warning: `h' float specifier changed to `ht'.

) [10 <./figures/IMG_0783.jpg>] [11 <./figures/bisection.png>]
\openout2 = `ch03-more-chapters.aux'.


(./ch03-more-chapters.tex [12



]
chapter 3.

Overfull \hbox (2.28006pt too wide) has occurred while \output is active
[]|[] []
 []


Overfull \vbox (459.06232pt too high) has occurred while \output is active []


[13] [14] [15] [16]
<figures/conv_div_viz_crop.png, id=351, 295.5843pt x 250.7769pt>
File: figures/conv_div_viz_crop.png Graphic file (type png)
<use figures/conv_div_viz_crop.png>
Package pdftex.def Info: figures/conv_div_viz_crop.png  used on input line 134.

(pdftex.def)             Requested size: 227.6506pt x 193.14471pt.

Underfull \vbox (badness 3989) has occurred while \output is active []

 [17 <./figures/conv_div_viz_crop.png>]
<figures/MinRad_col.png, id=360, 373.6359pt x 357.7365pt>
File: figures/MinRad_col.png Graphic file (type png)
<use figures/MinRad_col.png>
Package pdftex.def Info: figures/MinRad_col.png  used on input line 143.
(pdftex.def)             Requested size: 182.11769pt x 174.3699pt.
 [18 <./figures/MinRad_col.png>]
Overfull \hbox (54.12672pt too wide) detected at line 160
[]
 []

[19] [20]
LaTeX Font Info:    Trying to load font information for T1+pcr on input line 44
0.
 (/usr/share/texlive/texmf-dist/tex/latex/psnfss/t1pcr.fd
File: t1pcr.fd 2001/06/04 font definitions for T1/pcr.
) [21]
[22] [23]
<figures/fixed_point_detection.png, id=399, 2306.6175pt x 2131.965pt>
File: figures/fixed_point_detection.png Graphic file (type png)
<use figures/fixed_point_detection.png>
Package pdftex.def Info: figures/fixed_point_detection.png  used on input line 
497.
(pdftex.def)             Requested size: 318.70944pt x 294.56934pt.
 [24 <./figures/fixed_point_detection.png>]
<figures/limit_cycle_detection.png, id=405, 2830.575pt x 2204.235pt>
File: figures/limit_cycle_detection.png Graphic file (type png)
<use figures/limit_cycle_detection.png>
Package pdftex.def Info: figures/limit_cycle_detection.png  used on input line 
509.
(pdftex.def)             Requested size: 318.70944pt x 248.18436pt.
 [25 <./figures/limit_cycle_detection.png>]
<figures/noninverted_cloth_col_small.png, id=412, 350.30875pt x 345.29pt>
File: figures/noninverted_cloth_col_small.png Graphic file (type png)
<use figures/noninverted_cloth_col_small.png>
Package pdftex.def Info: figures/noninverted_cloth_col_small.png  used on input
 line 524.
(pdftex.def)             Requested size: 136.59175pt x 134.6362pt.
<figures/inverted_cloth_col_small.png, id=413, 487.8225pt x 533.995pt>
File: figures/inverted_cloth_col_small.png Graphic file (type png)
<use figures/inverted_cloth_col_small.png>
Package pdftex.def Info: figures/inverted_cloth_col_small.png  used on input li
ne 529.
(pdftex.def)             Requested size: 182.11769pt x 199.35133pt.
<figures/forced_cloth_nominal_graph.png, id=414, 2469.225pt x 1445.4pt>
File: figures/forced_cloth_nominal_graph.png Graphic file (type png)
<use figures/forced_cloth_nominal_graph.png>
Package pdftex.def Info: figures/forced_cloth_nominal_graph.png  used on input 
line 536.
(pdftex.def)             Requested size: 182.11769pt x 106.59181pt.
<figures/forced_cloth_inverted_graph.png, id=415, 2469.225pt x 1445.4pt>
File: figures/forced_cloth_inverted_graph.png Graphic file (type png)
<use figures/forced_cloth_inverted_graph.png>
Package pdftex.def Info: figures/forced_cloth_inverted_graph.png  used on input
 line 541.
(pdftex.def)             Requested size: 182.11769pt x 106.59181pt.


LaTeX Warning: `!h' float specifier changed to `!ht'.

[26]
<figures/limit_cycle_convergence.png, id=427, 2577.63pt x 2547.5175pt>
File: figures/limit_cycle_convergence.png Graphic file (type png)
<use figures/limit_cycle_convergence.png>
Package pdftex.def Info: figures/limit_cycle_convergence.png  used on input lin
e 570.
(pdftex.def)             Requested size: 318.70944pt x 314.97931pt.


LaTeX Warning: `h' float specifier changed to `ht'.


Underfull \vbox (badness 10000) has occurred while \output is active []

 [27 <./figures/noninverted_cloth_col_small.png> <./figures/inverted_cloth_col_
small.png> <./figures/forced_cloth_nominal_graph.png> <./figures/forced_cloth_i
nverted_graph.png>]
Underfull \vbox (badness 4634) has occurred while \output is active []

 [28 <./figures/limit_cycle_convergence.png>]
<figures/minRad_tuning_graph.png, id=441, 2758.305pt x 2421.045pt>
File: figures/minRad_tuning_graph.png Graphic file (type png)
<use figures/minRad_tuning_graph.png>
Package pdftex.def Info: figures/minRad_tuning_graph.png  used on input line 62
1.
(pdftex.def)             Requested size: 409.7683pt x 359.63158pt.

Underfull \vbox (badness 10000) has occurred while \output is active []

 [29]
Underfull \vbox (badness 5274) has occurred while \output is active []

 [30 <./figures/minRad_tuning_graph.png>]

Package hyperref Warning: Token not allowed in a PDF string (PDFDocEncoding):
(hyperref)                removing `math shift' on input line 678.


Package hyperref Warning: Token not allowed in a PDF string (PDFDocEncoding):
(hyperref)                removing `math shift' on input line 678.


Package hyperref Warning: Token not allowed in a PDF string (PDFDocEncoding):
(hyperref)                removing `math shift' on input line 678.


Package hyperref Warning: Token not allowed in a PDF string (PDFDocEncoding):
(hyperref)                removing `math shift' on input line 678.

[31]
<figures/laikago_zoom.png, id=456, 1057.9525pt x 570.13pt>
File: figures/laikago_zoom.png Graphic file (type png)
<use figures/laikago_zoom.png>
Package pdftex.def Info: figures/laikago_zoom.png  used on input line 747.
(pdftex.def)             Requested size: 227.6506pt x 122.67995pt.
 [32 <./figures/laikago_zoom.png>]
<figures/lkgdrop_1_crop.png, id=461, 1356.06625pt x 1010.77625pt>
File: figures/lkgdrop_1_crop.png Graphic file (type png)
<use figures/lkgdrop_1_crop.png>
Package pdftex.def Info: figures/lkgdrop_1_crop.png  used on input line 759.
(pdftex.def)             Requested size: 145.6997pt x 108.59464pt.
<figures/lkgdrop_2_crop.png, id=462, 1358.07375pt x 1007.765pt>
File: figures/lkgdrop_2_crop.png Graphic file (type png)
<use figures/lkgdrop_2_crop.png>
Package pdftex.def Info: figures/lkgdrop_2_crop.png  used on input line 764.
(pdftex.def)             Requested size: 145.6997pt x 108.11734pt.
<figures/lkgdrop_3_crop.png, id=463, 1358.07375pt x 1005.7575pt>
File: figures/lkgdrop_3_crop.png Graphic file (type png)
<use figures/lkgdrop_3_crop.png>
Package pdftex.def Info: figures/lkgdrop_3_crop.png  used on input line 769.
(pdftex.def)             Requested size: 145.6997pt x 107.90196pt.
 [33 <./figures/lkgdrop_1_crop.png> <./figures/lkgdrop_2_crop.png> <./figures/l
kgdrop_3_crop.png>]
<figures/lkgswing_1_crop.png, id=469, 1380.15625pt x 818.05624pt>
File: figures/lkgswing_1_crop.png Graphic file (type png)
<use figures/lkgswing_1_crop.png>
Package pdftex.def Info: figures/lkgswing_1_crop.png  used on input line 787.
(pdftex.def)             Requested size: 136.59175pt x 80.9616pt.
<figures/lkgswing_2_crop.png, id=470, 1435.3625pt x 839.135pt>
File: figures/lkgswing_2_crop.png Graphic file (type png)
<use figures/lkgswing_2_crop.png>
Package pdftex.def Info: figures/lkgswing_2_crop.png  used on input line 792.
(pdftex.def)             Requested size: 136.59175pt x 79.84668pt.
<figures/lkgswing_3_crop.png, id=471, 1482.53876pt x 885.3075pt>
File: figures/lkgswing_3_crop.png Graphic file (type png)
<use figures/lkgswing_3_crop.png>
Package pdftex.def Info: figures/lkgswing_3_crop.png  used on input line 797.
(pdftex.def)             Requested size: 136.59175pt x 81.56544pt.
 [34 <./figures/lkgswing_1_crop.png> <./figures/lkgswing_2_crop.png> <./figures
/lkgswing_3_crop.png>]
chapter 4.
<figures/minrad_analysis_v2.png, id=477, 2180.145pt x 2023.56pt>
File: figures/minrad_analysis_v2.png Graphic file (type png)
<use figures/minrad_analysis_v2.png>
Package pdftex.def Info: figures/minrad_analysis_v2.png  used on input line 870
.
(pdftex.def)             Requested size: 227.6506pt x 211.2913pt.
<figures/droptest_ds_v2.png, id=480, 3209.9925pt x 3234.0825pt>
File: figures/droptest_ds_v2.png Graphic file (type png)
<use figures/droptest_ds_v2.png>
Package pdftex.def Info: figures/droptest_ds_v2.png  used on input line 886.
(pdftex.def)             Requested size: 227.6506pt x 229.32043pt.

Overfull \hbox (2.28006pt too wide) has occurred while \output is active
[]|[] []
 []


Overfull \vbox (459.06232pt too high) has occurred while \output is active []


[35

]
Underfull \vbox (badness 10000) has occurred while \output is active []

 [36 <./figures/minrad_analysis_v2.png> <./figures/droptest_ds_v2.png>]
<figures/droptest_ds_overay_v10000.png, id=492, 3209.9925pt x 3234.0825pt>
File: figures/droptest_ds_overay_v10000.png Graphic file (type png)
<use figures/droptest_ds_overay_v10000.png>
Package pdftex.def Info: figures/droptest_ds_overay_v10000.png  used on input l
ine 896.
(pdftex.def)             Requested size: 227.6506pt x 229.32043pt.
<figures/droptest_ps_full_correct.png, id=493, 588.2778pt x 481.3182pt>
File: figures/droptest_ps_full_correct.png Graphic file (type png)
<use figures/droptest_ps_full_correct.png>
Package pdftex.def Info: figures/droptest_ps_full_correct.png  used on input li
ne 905.
(pdftex.def)             Requested size: 150.25023pt x 122.92914pt.
<figures/droptest_ps_zoom1_correct.png, id=494, 588.2778pt x 481.3182pt>
File: figures/droptest_ps_zoom1_correct.png Graphic file (type png)
<use figures/droptest_ps_zoom1_correct.png>
Package pdftex.def Info: figures/droptest_ps_zoom1_correct.png  used on input l
ine 910.
(pdftex.def)             Requested size: 150.25023pt x 122.92914pt.
<figures/droptest_ps_zoom2_correct.png, id=495, 588.2778pt x 481.3182pt>
File: figures/droptest_ps_zoom2_correct.png Graphic file (type png)
<use figures/droptest_ps_zoom2_correct.png>
Package pdftex.def Info: figures/droptest_ps_zoom2_correct.png  used on input l
ine 915.
(pdftex.def)             Requested size: 150.25023pt x 122.92914pt.


LaTeX Warning: `h' float specifier changed to `ht'.


Underfull \vbox (badness 10000) has occurred while \output is active []

 [37]
<figures/droptest_ds_bad_correct.png, id=502, 463.2507pt x 468.3096pt>
File: figures/droptest_ds_bad_correct.png Graphic file (type png)
<use figures/droptest_ds_bad_correct.png>
Package pdftex.def Info: figures/droptest_ds_bad_correct.png  used on input lin
e 937.
(pdftex.def)             Requested size: 150.25023pt x 151.89154pt.
<figures/droptest_ds_medium_correct.png, id=503, 462.528pt x 463.9734pt>
File: figures/droptest_ds_medium_correct.png Graphic file (type png)
<use figures/droptest_ds_medium_correct.png>
Package pdftex.def Info: figures/droptest_ds_medium_correct.png  used on input 
line 943.
(pdftex.def)             Requested size: 150.25023pt x 150.71877pt.
<figures/droptest_ds_opt_correct.png, id=504, 466.8642pt x 463.9734pt>
File: figures/droptest_ds_opt_correct.png Graphic file (type png)
<use figures/droptest_ds_opt_correct.png>
Package pdftex.def Info: figures/droptest_ds_opt_correct.png  used on input lin
e 949.
(pdftex.def)             Requested size: 150.25023pt x 149.31699pt.


LaTeX Warning: `h' float specifier changed to `ht'.

[38 <./figures/droptest_ds_overay_v10000.png>]
<figures/swingtest_ds_overay_v3.png, id=509, 3209.9925pt x 3216.015pt>
File: figures/swingtest_ds_overay_v3.png Graphic file (type png)
<use figures/swingtest_ds_overay_v3.png>
Package pdftex.def Info: figures/swingtest_ds_overay_v3.png  used on input line
 982.
(pdftex.def)             Requested size: 227.6506pt x 228.03932pt.


LaTeX Warning: `h' float specifier changed to `ht'.


Package caption Warning: \label without proper reference on input line 980.
See the caption package documentation for explanation.


LaTeX Warning: Reference `fig:swingoverlay' on page 39 undefined on input line 
986.

<figures/swingtest_ps.png, id=512, 579.6054pt x 563.706pt>
File: figures/swingtest_ps.png Graphic file (type png)
<use figures/swingtest_ps.png>
Package pdftex.def Info: figures/swingtest_ps.png  used on input line 991.
(pdftex.def)             Requested size: 227.6506pt x 221.4013pt.
[39 <./figures/droptest_ps_full_correct.png> <./figures/droptest_ps_zoom1_corre
ct.png> <./figures/droptest_ps_zoom2_correct.png> <./figures/droptest_ds_bad_co
rrect.png> <./figures/droptest_ds_medium_correct.png> <./figures/droptest_ds_op
t_correct.png>]

LaTeX Warning: `h' float specifier changed to `ht'.

[40 <./figures/swingtest_ds_overay_v3.png>]
<figures/swingtest_ds_bad.png, id=529, 1951.29pt x 1951.29pt>
File: figures/swingtest_ds_bad.png Graphic file (type png)
<use figures/swingtest_ds_bad.png>
Package pdftex.def Info: figures/swingtest_ds_bad.png  used on input line 1005.

(pdftex.def)             Requested size: 150.25023pt x 150.24086pt.
<figures/swingtest_ds_medium.png, id=530, 1933.2225pt x 1933.2225pt>
File: figures/swingtest_ds_medium.png Graphic file (type png)
<use figures/swingtest_ds_medium.png>
Package pdftex.def Info: figures/swingtest_ds_medium.png  used on input line 10
11.
(pdftex.def)             Requested size: 150.25023pt x 150.23618pt.
<figures/swingtest_ds_opt_vfinal.png, id=531, 463.9734pt x 463.9734pt>
File: figures/swingtest_ds_opt_vfinal.png Graphic file (type png)
<use figures/swingtest_ds_opt_vfinal.png>
Package pdftex.def Info: figures/swingtest_ds_opt_vfinal.png  used on input lin
e 1017.
(pdftex.def)             Requested size: 150.25023pt x 150.24443pt.
<figures/swingtest_2dPS_cmaes.png, id=532, 2378.8875pt x 1264.725pt>
File: figures/swingtest_2dPS_cmaes.png Graphic file (type png)
<use figures/swingtest_2dPS_cmaes.png>
Package pdftex.def Info: figures/swingtest_2dPS_cmaes.png  used on input line 1
032.
(pdftex.def)             Requested size: 227.6506pt x 121.01854pt.
<figures/swingtest_6d_cmaes.png, id=533, 2378.8875pt x 1264.725pt>
File: figures/swingtest_6d_cmaes.png Graphic file (type png)
<use figures/swingtest_6d_cmaes.png>
Package pdftex.def Info: figures/swingtest_6d_cmaes.png  used on input line 103
7.
(pdftex.def)             Requested size: 227.6506pt x 121.01854pt.


LaTeX Warning: `h' float specifier changed to `ht'.

[41 <./figures/swingtest_ps.png> <./figures/swingtest_ds_bad.png> <./figures/sw
ingtest_ds_medium.png> <./figures/swingtest_ds_opt_vfinal.png>]) [42 <./figures
/swingtest_2dPS_cmaes.png> <./figures/swingtest_6d_cmaes.png>]
\openout2 = `ch04-conclusion.aux'.


(./ch04-conclusion.tex
chapter 5.

Underfull \vbox (badness 10000) has occurred while \output is active []


Overfull \hbox (2.28006pt too wide) has occurred while \output is active
[]|[] []
 []


Overfull \vbox (459.06232pt too high) has occurred while \output is active []


[43



]) [44]
Runaway argument?
{graphics 
! Paragraph ended before \bibliography was complete.
<to be read again> 
                   \par 
l.224 
      
? 
! Too many }'s.
l.230 }
       
? 
Package atveryend Info: Empty hook `BeforeClearDocument' on input line 232.
Package atveryend Info: Empty hook `AfterLastShipout' on input line 232.
(./thesis.aux (./abstract.aux) (./ch01-introduction.aux)
(./ch02-related-work.aux) (./ch03-more-chapters.aux) (./ch04-conclusion.aux))
Package atveryend Info: Executing hook `AtVeryEndDocument' on input line 232.
Package atveryend Info: Executing hook `AtEndAfterFileList' on input line 232.
Package rerunfilecheck Info: File `thesis.out' has not changed.
(rerunfilecheck)             Checksum: D41D8CD98F00B204E9800998ECF8427E;0.


LaTeX Warning: There were undefined references.

 ) 
Here is how much of TeX's memory you used:
 26076 strings out of 481239
 502616 string characters out of 5920377
 886209 words of memory out of 5000000
 40602 multiletter control sequences out of 15000+600000
 601133 words of font info for 113 fonts, out of 8000000 for 9000
 1141 hyphenation exceptions out of 8191
 64i,29n,81p,10101b,892s stack positions out of 5000i,500n,10000p,200000b,80000s
pdfTeX warning (dest): name{cite.parallel} has been referenced but does not e
xist, replaced by a fixed one

pdfTeX warning (dest): name{cite.sixdim} has been referenced but does not exist
, replaced by a fixed one

pdfTeX warning (dest): name{cite.cell2} has been referenced but does not exist,
 replaced by a fixed one

pdfTeX warning (dest): name{cite.cell1} has been referenced but does not exist,
 replaced by a fixed one

pdfTeX warning (dest): name{cite.limitsBoA} has been referenced but does not ex
ist, replaced by a fixed one

pdfTeX warning (dest): name{cite.multistable} has been referenced but does not 
exist, replaced by a fixed one

pdfTeX warning (dest): name{cite.integr} has been referenced but does not exist
, replaced by a fixed one

pdfTeX warning (dest): name{cite.quant} has been referenced but does not exist,
 replaced by a fixed one

pdfTeX warning (dest): name{cite.walkbasin} has been referenced but does not ex
ist, replaced by a fixed one

pdfTeX warning (dest): name{cite.classify} has been referenced but does not exi
st, replaced by a fixed one

pdfTeX warning (dest): name{cite.anytraj} has been referenced but does not exis
t, replaced by a fixed one

pdfTeX warning (dest): name{cite.respoly} has been referenced but does not exis
t, replaced by a fixed one

pdfTeX warning (dest): name{cite.optrob} has been referenced but does not exist
, replaced by a fixed one

pdfTeX warning (dest): name{cite.sysrob} has been referenced but does not exist
, replaced by a fixed one

pdfTeX warning (dest): name{cite.covrob} has been referenced but does not exist
, replaced by a fixed one

pdfTeX warning (dest): name{cite.trm} has been referenced but does not exist, r
eplaced by a fixed one

pdfTeX warning (dest): name{section*.31} has been referenced but does not exist
, replaced by a fixed one

{/usr/share/texlive/texmf-dist/fonts/enc/dvips/base/8r.enc}</usr/share/texlive/
texmf-dist/fonts/type1/public/amsfonts/cm/cmbx10.pfb></usr/share/texlive/texmf-
dist/fonts/type1/public/amsfonts/cm/cmbx12.pfb></usr/share/texlive/texmf-dist/f
onts/type1/public/amsfonts/cm/cmex10.pfb></usr/share/texlive/texmf-dist/fonts/t
ype1/public/amsfonts/cm/cmmi10.pfb></usr/share/texlive/texmf-dist/fonts/type1/p
ublic/amsfonts/cm/cmmi12.pfb></usr/share/texlive/texmf-dist/fonts/type1/public/
amsfonts/cm/cmmi7.pfb></usr/share/texlive/texmf-dist/fonts/type1/public/amsfont
s/cm/cmmi8.pfb></usr/share/texlive/texmf-dist/fonts/type1/public/amsfonts/cm/cm
r10.pfb></usr/share/texlive/texmf-dist/fonts/type1/public/amsfonts/cm/cmr12.pfb
></usr/share/texlive/texmf-dist/fonts/type1/public/amsfonts/cm/cmr8.pfb></usr/s
hare/texlive/texmf-dist/fonts/type1/public/amsfonts/cm/cmss10.pfb></usr/share/t
exlive/texmf-dist/fonts/type1/public/amsfonts/cm/cmss12.pfb></usr/share/texlive
/texmf-dist/fonts/type1/public/amsfonts/cm/cmss8.pfb></usr/share/texlive/texmf-
dist/fonts/type1/public/amsfonts/cm/cmsy10.pfb></usr/share/texlive/texmf-dist/f
onts/type1/public/amsfonts/symbols/msam10.pfb></usr/share/texlive/texmf-dist/fo
nts/type1/public/amsfonts/symbols/msbm10.pfb></usr/share/texlive/texmf-dist/fon
ts/type1/urw/courier/ucrr8a.pfb></usr/share/texlive/texmf-dist/fonts/type1/urw/
helvetic/uhvb8a.pfb></usr/share/texlive/texmf-dist/fonts/type1/urw/helvetic/uhv
r8a.pfb></usr/share/texlive/texmf-dist/fonts/type1/urw/helvetic/uhvro8a.pfb></u
sr/share/texlive/texmf-dist/fonts/type1/urw/times/utmb8a.pfb></usr/share/texliv
e/texmf-dist/fonts/type1/urw/times/utmb8a.pfb></usr/share/texlive/texmf-dist/fo
nts/type1/urw/times/utmr8a.pfb></usr/share/texlive/texmf-dist/fonts/type1/urw/t
imes/utmr8a.pfb>
Output written on thesis.pdf (52 pages, 12823204 bytes).
PDF statistics:
 768 PDF objects out of 1000 (max. 8388607)
 615 compressed objects within 7 object streams
 146 named destinations out of 1000 (max. 500000)
 505 words of extra memory for PDF output out of 10000 (max. 10000000)

